<?xml version="1.0" encoding="UTF-8"?>
<testng-results skipped="0" failed="0" total="1" passed="1">
  <reporter-output>
  </reporter-output>
  <suite name="Default suite" duration-ms="46280" started-at="2016-10-20T08:09:14Z" finished-at="2016-10-20T08:10:00Z">
    <groups>
    </groups>
    <test name="Default test" duration-ms="46280" started-at="2016-10-20T08:09:14Z" finished-at="2016-10-20T08:10:00Z">
      <class name="com.selenium.project.tests.IrctcLoginTest">
        <test-method status="PASS" signature="test()[pri:0, instance:com.selenium.project.tests.IrctcLoginTest@4d910fd6]" name="test" duration-ms="46257" started-at="2016-10-20T13:39:14Z" finished-at="2016-10-20T13:40:00Z">
          <reporter-output>
          </reporter-output>
        </test-method> <!-- test -->
      </class> <!-- com.selenium.project.tests.IrctcLoginTest -->
    </test> <!-- Default test -->
  </suite> <!-- Default suite -->
</testng-results>
