<?xml version="1.0" encoding="UTF-8"?>
<!-- Generated by org.testng.reporters.JUnitXMLReporter -->
<testsuite hostname="NODE153" name="Test1" tests="4" failures="0" timestamp="19 Oct 2016 04:14:53 GMT" time="0.059" errors="0">
  <testcase name="m1CB" time="0.006" classname="com.project2.selenium.ClassB"/>
  <testcase name="m2CB" time="0.002" classname="com.project2.selenium.ClassB"/>
  <testcase name="m1CA" time="0.002" classname="com.package1.selenium.ClassA"/>
  <testcase name="m2CA" time="0.004" classname="com.package1.selenium.ClassA"/>
</testsuite> <!-- Test1 -->
